The system is: Darwin - 23.0.0 - arm64
Compiling the C compiler identification source file "CMakeCCompilerId.c" succeeded.
Compiler: /Applications/Xcode.app/Contents/Developer/Toolchains/XcodeDefault.xctoolchain/usr/bin/cc 
Build flags: 
Id flags: -c 

The output was:
0


Compilation of the C compiler identification source "CMakeCCompilerId.c" produced "CMakeCCompilerId.o"

The C compiler identification is AppleClang, found in "/Users/terra/Desktop/Fall2023/CSE491/Blog/Blog_Range_v3/cmake-build-debug/CMakeFiles/3.23.2/CompilerIdC/CMakeCCompilerId.o"

Compiling the CXX compiler identification source file "CMakeCXXCompilerId.cpp" succeeded.
Compiler: /Applications/Xcode.app/Contents/Developer/Toolchains/XcodeDefault.xctoolchain/usr/bin/c++ 
Build flags: 
Id flags: -c 

The output was:
0


Compilation of the CXX compiler identification source "CMakeCXXCompilerId.cpp" produced "CMakeCXXCompilerId.o"

The CXX compiler identification is AppleClang, found in "/Users/terra/Desktop/Fall2023/CSE491/Blog/Blog_Range_v3/cmake-build-debug/CMakeFiles/3.23.2/CompilerIdCXX/CMakeCXXCompilerId.o"

Detecting C compiler ABI info compiled with the following output:
Change Dir: /Users/terra/Desktop/Fall2023/CSE491/Blog/Blog_Range_v3/cmake-build-debug/CMakeFiles/CMakeTmp

Run Build Command(s):/Applications/CLion.app/Contents/bin/ninja/mac/ninja cmTC_dad65 && [1/2] Building C object CMakeFiles/cmTC_dad65.dir/CMakeCCompilerABI.c.o
Apple clang version 15.0.0 (clang-1500.0.40.1)
Target: arm64-apple-darwin23.0.0
Thread model: posix
InstalledDir: /Applications/Xcode.app/Contents/Developer/Toolchains/XcodeDefault.xctoolchain/usr/bin
clang: warning: -Wl,-v: 'linker' input unused [-Wunused-command-line-argument]
 "/Applications/Xcode.app/Contents/Developer/Toolchains/XcodeDefault.xctoolchain/usr/bin/clang" -cc1 -triple arm64-apple-macosx14.0.0 -Wundef-prefix=TARGET_OS_ -Wdeprecated-objc-isa-usage -Werror=deprecated-objc-isa-usage -Werror=implicit-function-declaration -emit-obj -mrelax-all --mrelax-relocations -disable-free -clear-ast-before-backend -disable-llvm-verifier -discard-value-names -main-file-name CMakeCCompilerABI.c -mrelocation-model pic -pic-level 2 -mframe-pointer=non-leaf -fno-strict-return -ffp-contract=on -fno-rounding-math -funwind-tables=1 -fobjc-msgsend-selector-stubs -target-sdk-version=14.0 -fvisibility-inlines-hidden-static-local-var -target-cpu apple-m1 -target-feature +v8.5a -target-feature +crc -target-feature +lse -target-feature +rdm -target-feature +crypto -target-feature +dotprod -target-feature +fp-armv8 -target-feature +neon -target-feature +fp16fml -target-feature +ras -target-feature +rcpc -target-feature +zcm -target-feature +zcz -target-feature +fullfp16 -target-feature +sm4 -target-feature +sha3 -target-feature +sha2 -target-feature +aes -target-abi darwinpcs -mllvm -treat-scalable-fixed-error-as-warning -debugger-tuning=lldb -target-linker-version 1015.6 -v -fcoverage-compilation-dir=/Users/terra/Desktop/Fall2023/CSE491/Blog/Blog_Range_v3/cmake-build-debug/CMakeFiles/CMakeTmp -resource-dir /Applications/Xcode.app/Contents/Developer/Toolchains/XcodeDefault.xctoolchain/usr/lib/clang/15.0.0 -dependency-file CMakeFiles/cmTC_dad65.dir/CMakeCCompilerABI.c.o.d -skip-unused-modulemap-deps -MT CMakeFiles/cmTC_dad65.dir/CMakeCCompilerABI.c.o -sys-header-deps -isysroot /Applications/Xcode.app/Contents/Developer/Platforms/MacOSX.platform/Developer/SDKs/MacOSX14.0.sdk -internal-isystem /Applications/Xcode.app/Contents/Developer/Platforms/MacOSX.platform/Developer/SDKs/MacOSX14.0.sdk/usr/local/include -internal-isystem /Applications/Xcode.app/Contents/Developer/Toolchains/XcodeDefault.xctoolchain/usr/lib/clang/15.0.0/include -internal-externc-isystem /Applications/Xcode.app/Contents/Developer/Platforms/MacOSX.platform/Developer/SDKs/MacOSX14.0.sdk/usr/include -internal-externc-isystem /Applications/Xcode.app/Contents/Developer/Toolchains/XcodeDefault.xctoolchain/usr/include -Wno-reorder-init-list -Wno-implicit-int-float-conversion -Wno-c99-designator -Wno-final-dtor-non-final-class -Wno-extra-semi-stmt -Wno-misleading-indentation -Wno-quoted-include-in-framework-header -Wno-implicit-fallthrough -Wno-enum-enum-conversion -Wno-enum-float-conversion -Wno-elaborated-enum-base -Wno-reserved-identifier -Wno-gnu-folding-constant -fdebug-compilation-dir=/Users/terra/Desktop/Fall2023/CSE491/Blog/Blog_Range_v3/cmake-build-debug/CMakeFiles/CMakeTmp -ferror-limit 19 -stack-protector 1 -fstack-check -mdarwin-stkchk-strong-link -fblocks -fencode-extended-block-signature -fregister-global-dtors-with-atexit -fgnuc-version=4.2.1 -fmax-type-align=16 -fcommon -clang-vendor-feature=+disableNonDependentMemberExprInCurrentInstantiation -fno-odr-hash-protocols -clang-vendor-feature=+enableAggressiveVLAFolding -clang-vendor-feature=+revert09abecef7bbf -clang-vendor-feature=+thisNoAlignAttr -clang-vendor-feature=+thisNoNullAttr -mllvm -disable-aligned-alloc-awareness=1 -D__GCC_HAVE_DWARF2_CFI_ASM=1 -o CMakeFiles/cmTC_dad65.dir/CMakeCCompilerABI.c.o -x c /Applications/CLion.app/Contents/bin/cmake/mac/share/cmake-3.23/Modules/CMakeCCompilerABI.c
clang -cc1 version 15.0.0 (clang-1500.0.40.1) default target arm64-apple-darwin23.0.0
ignoring nonexistent directory "/Applications/Xcode.app/Contents/Developer/Platforms/MacOSX.platform/Developer/SDKs/MacOSX14.0.sdk/usr/local/include"
ignoring nonexistent directory "/Applications/Xcode.app/Contents/Developer/Platforms/MacOSX.platform/Developer/SDKs/MacOSX14.0.sdk/Library/Frameworks"
#include "..." search starts here:
#include <...> search starts here:
 /Applications/Xcode.app/Contents/Developer/Toolchains/XcodeDefault.xctoolchain/usr/lib/clang/15.0.0/include
 /Applications/Xcode.app/Contents/Developer/Platforms/MacOSX.platform/Developer/SDKs/MacOSX14.0.sdk/usr/include
 /Applications/Xcode.app/Contents/Developer/Toolchains/XcodeDefault.xctoolchain/usr/include
 /Applications/Xcode.app/Contents/Developer/Platforms/MacOSX.platform/Developer/SDKs/MacOSX14.0.sdk/System/Library/Frameworks (framework directory)
End of search list.
[2/2] Linking C executable cmTC_dad65
Apple clang version 15.0.0 (clang-1500.0.40.1)
Target: arm64-apple-darwin23.0.0
Thread model: posix
InstalledDir: /Applications/Xcode.app/Contents/Developer/Toolchains/XcodeDefault.xctoolchain/usr/bin
 "/Applications/Xcode.app/Contents/Developer/Toolchains/XcodeDefault.xctoolchain/usr/bin/ld" -demangle -lto_library /Applications/Xcode.app/Contents/Developer/Toolchains/XcodeDefault.xctoolchain/usr/lib/libLTO.dylib -dynamic -arch arm64 -platform_version macos 14.0.0 14.0 -syslibroot /Applications/Xcode.app/Contents/Developer/Platforms/MacOSX.platform/Developer/SDKs/MacOSX14.0.sdk -o cmTC_dad65 -search_paths_first -headerpad_max_install_names -v CMakeFiles/cmTC_dad65.dir/CMakeCCompilerABI.c.o -lSystem /Applications/Xcode.app/Contents/Developer/Toolchains/XcodeDefault.xctoolchain/usr/lib/clang/15.0.0/lib/darwin/libclang_rt.osx.a
@(#)PROGRAM:ld  PROJECT:dyld-1015.7
BUILD 18:48:48 Aug 22 2023
configured to support archs: armv6 armv7 armv7s arm64 arm64e arm64_32 i386 x86_64 x86_64h armv6m armv7k armv7m armv7em
will use ld-classic for: armv6 armv7 armv7s arm64_32 i386 armv6m armv7k armv7m armv7em
LTO support using: LLVM version 15.0.0 (static support for 29, runtime is 29)
TAPI support using: Apple TAPI version 15.0.0 (tapi-1500.0.12.3)
Library search paths:
Framework search paths:



Parsed C implicit include dir info from above output: rv=done
  found start of include info
  found start of implicit include info
    add: [/Applications/Xcode.app/Contents/Developer/Toolchains/XcodeDefault.xctoolchain/usr/lib/clang/15.0.0/include]
    add: [/Applications/Xcode.app/Contents/Developer/Platforms/MacOSX.platform/Developer/SDKs/MacOSX14.0.sdk/usr/include]
    add: [/Applications/Xcode.app/Contents/Developer/Toolchains/XcodeDefault.xctoolchain/usr/include]
  end of search list found
  collapse include dir [/Applications/Xcode.app/Contents/Developer/Toolchains/XcodeDefault.xctoolchain/usr/lib/clang/15.0.0/include] ==> [/Applications/Xcode.app/Contents/Developer/Toolchains/XcodeDefault.xctoolchain/usr/lib/clang/15.0.0/include]
  collapse include dir [/Applications/Xcode.app/Contents/Developer/Platforms/MacOSX.platform/Developer/SDKs/MacOSX14.0.sdk/usr/include] ==> [/Applications/Xcode.app/Contents/Developer/Platforms/MacOSX.platform/Developer/SDKs/MacOSX14.0.sdk/usr/include]
  collapse include dir [/Applications/Xcode.app/Contents/Developer/Toolchains/XcodeDefault.xctoolchain/usr/include] ==> [/Applications/Xcode.app/Contents/Developer/Toolchains/XcodeDefault.xctoolchain/usr/include]
  implicit include dirs: [/Applications/Xcode.app/Contents/Developer/Toolchains/XcodeDefault.xctoolchain/usr/lib/clang/15.0.0/include;/Applications/Xcode.app/Contents/Developer/Platforms/MacOSX.platform/Developer/SDKs/MacOSX14.0.sdk/usr/include;/Applications/Xcode.app/Contents/Developer/Toolchains/XcodeDefault.xctoolchain/usr/include]


Parsed C implicit link information from above output:
  link line regex: [^( *|.*[/\])(ld|CMAKE_LINK_STARTFILE-NOTFOUND|([^/\]+-)?ld|collect2)[^/\]*( |$)]
  ignore line: [Change Dir: /Users/terra/Desktop/Fall2023/CSE491/Blog/Blog_Range_v3/cmake-build-debug/CMakeFiles/CMakeTmp]
  ignore line: []
  ignore line: [Run Build Command(s):/Applications/CLion.app/Contents/bin/ninja/mac/ninja cmTC_dad65 && [1/2] Building C object CMakeFiles/cmTC_dad65.dir/CMakeCCompilerABI.c.o]
  ignore line: [Apple clang version 15.0.0 (clang-1500.0.40.1)]
  ignore line: [Target: arm64-apple-darwin23.0.0]
  ignore line: [Thread model: posix]
  ignore line: [InstalledDir: /Applications/Xcode.app/Contents/Developer/Toolchains/XcodeDefault.xctoolchain/usr/bin]
  ignore line: [clang: warning: -Wl -v: 'linker' input unused [-Wunused-command-line-argument]]
  ignore line: [ "/Applications/Xcode.app/Contents/Developer/Toolchains/XcodeDefault.xctoolchain/usr/bin/clang" -cc1 -triple arm64-apple-macosx14.0.0 -Wundef-prefix=TARGET_OS_ -Wdeprecated-objc-isa-usage -Werror=deprecated-objc-isa-usage -Werror=implicit-function-declaration -emit-obj -mrelax-all --mrelax-relocations -disable-free -clear-ast-before-backend -disable-llvm-verifier -discard-value-names -main-file-name CMakeCCompilerABI.c -mrelocation-model pic -pic-level 2 -mframe-pointer=non-leaf -fno-strict-return -ffp-contract=on -fno-rounding-math -funwind-tables=1 -fobjc-msgsend-selector-stubs -target-sdk-version=14.0 -fvisibility-inlines-hidden-static-local-var -target-cpu apple-m1 -target-feature +v8.5a -target-feature +crc -target-feature +lse -target-feature +rdm -target-feature +crypto -target-feature +dotprod -target-feature +fp-armv8 -target-feature +neon -target-feature +fp16fml -target-feature +ras -target-feature +rcpc -target-feature +zcm -target-feature +zcz -target-feature +fullfp16 -target-feature +sm4 -target-feature +sha3 -target-feature +sha2 -target-feature +aes -target-abi darwinpcs -mllvm -treat-scalable-fixed-error-as-warning -debugger-tuning=lldb -target-linker-version 1015.6 -v -fcoverage-compilation-dir=/Users/terra/Desktop/Fall2023/CSE491/Blog/Blog_Range_v3/cmake-build-debug/CMakeFiles/CMakeTmp -resource-dir /Applications/Xcode.app/Contents/Developer/Toolchains/XcodeDefault.xctoolchain/usr/lib/clang/15.0.0 -dependency-file CMakeFiles/cmTC_dad65.dir/CMakeCCompilerABI.c.o.d -skip-unused-modulemap-deps -MT CMakeFiles/cmTC_dad65.dir/CMakeCCompilerABI.c.o -sys-header-deps -isysroot /Applications/Xcode.app/Contents/Developer/Platforms/MacOSX.platform/Developer/SDKs/MacOSX14.0.sdk -internal-isystem /Applications/Xcode.app/Contents/Developer/Platforms/MacOSX.platform/Developer/SDKs/MacOSX14.0.sdk/usr/local/include -internal-isystem /Applications/Xcode.app/Contents/Developer/Toolchains/XcodeDefault.xctoolchain/usr/lib/clang/15.0.0/include -internal-externc-isystem /Applications/Xcode.app/Contents/Developer/Platforms/MacOSX.platform/Developer/SDKs/MacOSX14.0.sdk/usr/include -internal-externc-isystem /Applications/Xcode.app/Contents/Developer/Toolchains/XcodeDefault.xctoolchain/usr/include -Wno-reorder-init-list -Wno-implicit-int-float-conversion -Wno-c99-designator -Wno-final-dtor-non-final-class -Wno-extra-semi-stmt -Wno-misleading-indentation -Wno-quoted-include-in-framework-header -Wno-implicit-fallthrough -Wno-enum-enum-conversion -Wno-enum-float-conversion -Wno-elaborated-enum-base -Wno-reserved-identifier -Wno-gnu-folding-constant -fdebug-compilation-dir=/Users/terra/Desktop/Fall2023/CSE491/Blog/Blog_Range_v3/cmake-build-debug/CMakeFiles/CMakeTmp -ferror-limit 19 -stack-protector 1 -fstack-check -mdarwin-stkchk-strong-link -fblocks -fencode-extended-block-signature -fregister-global-dtors-with-atexit -fgnuc-version=4.2.1 -fmax-type-align=16 -fcommon -clang-vendor-feature=+disableNonDependentMemberExprInCurrentInstantiation -fno-odr-hash-protocols -clang-vendor-feature=+enableAggressiveVLAFolding -clang-vendor-feature=+revert09abecef7bbf -clang-vendor-feature=+thisNoAlignAttr -clang-vendor-feature=+thisNoNullAttr -mllvm -disable-aligned-alloc-awareness=1 -D__GCC_HAVE_DWARF2_CFI_ASM=1 -o CMakeFiles/cmTC_dad65.dir/CMakeCCompilerABI.c.o -x c /Applications/CLion.app/Contents/bin/cmake/mac/share/cmake-3.23/Modules/CMakeCCompilerABI.c]
  ignore line: [clang -cc1 version 15.0.0 (clang-1500.0.40.1) default target arm64-apple-darwin23.0.0]
  ignore line: [ignoring nonexistent directory "/Applications/Xcode.app/Contents/Developer/Platforms/MacOSX.platform/Developer/SDKs/MacOSX14.0.sdk/usr/local/include"]
  ignore line: [ignoring nonexistent directory "/Applications/Xcode.app/Contents/Developer/Platforms/MacOSX.platform/Developer/SDKs/MacOSX14.0.sdk/Library/Frameworks"]
  ignore line: [#include "..." search starts here:]
  ignore line: [#include <...> search starts here:]
  ignore line: [ /Applications/Xcode.app/Contents/Developer/Toolchains/XcodeDefault.xctoolchain/usr/lib/clang/15.0.0/include]
  ignore line: [ /Applications/Xcode.app/Contents/Developer/Platforms/MacOSX.platform/Developer/SDKs/MacOSX14.0.sdk/usr/include]
  ignore line: [ /Applications/Xcode.app/Contents/Developer/Toolchains/XcodeDefault.xctoolchain/usr/include]
  ignore line: [ /Applications/Xcode.app/Contents/Developer/Platforms/MacOSX.platform/Developer/SDKs/MacOSX14.0.sdk/System/Library/Frameworks (framework directory)]
  ignore line: [End of search list.]
  ignore line: [[2/2] Linking C executable cmTC_dad65]
  ignore line: [Apple clang version 15.0.0 (clang-1500.0.40.1)]
  ignore line: [Target: arm64-apple-darwin23.0.0]
  ignore line: [Thread model: posix]
  ignore line: [InstalledDir: /Applications/Xcode.app/Contents/Developer/Toolchains/XcodeDefault.xctoolchain/usr/bin]
  link line: [ "/Applications/Xcode.app/Contents/Developer/Toolchains/XcodeDefault.xctoolchain/usr/bin/ld" -demangle -lto_library /Applications/Xcode.app/Contents/Developer/Toolchains/XcodeDefault.xctoolchain/usr/lib/libLTO.dylib -dynamic -arch arm64 -platform_version macos 14.0.0 14.0 -syslibroot /Applications/Xcode.app/Contents/Developer/Platforms/MacOSX.platform/Developer/SDKs/MacOSX14.0.sdk -o cmTC_dad65 -search_paths_first -headerpad_max_install_names -v CMakeFiles/cmTC_dad65.dir/CMakeCCompilerABI.c.o -lSystem /Applications/Xcode.app/Contents/Developer/Toolchains/XcodeDefault.xctoolchain/usr/lib/clang/15.0.0/lib/darwin/libclang_rt.osx.a]
    arg [/Applications/Xcode.app/Contents/Developer/Toolchains/XcodeDefault.xctoolchain/usr/bin/ld] ==> ignore
    arg [-demangle] ==> ignore
    arg [-lto_library] ==> ignore, skip following value
    arg [/Applications/Xcode.app/Contents/Developer/Toolchains/XcodeDefault.xctoolchain/usr/lib/libLTO.dylib] ==> skip value of -lto_library
    arg [-dynamic] ==> ignore
    arg [-arch] ==> ignore
    arg [arm64] ==> ignore
    arg [-platform_version] ==> ignore
    arg [macos] ==> ignore
    arg [14.0.0] ==> ignore
    arg [14.0] ==> ignore
    arg [-syslibroot] ==> ignore
    arg [/Applications/Xcode.app/Contents/Developer/Platforms/MacOSX.platform/Developer/SDKs/MacOSX14.0.sdk] ==> ignore
    arg [-o] ==> ignore
    arg [cmTC_dad65] ==> ignore
    arg [-search_paths_first] ==> ignore
    arg [-headerpad_max_install_names] ==> ignore
    arg [-v] ==> ignore
    arg [CMakeFiles/cmTC_dad65.dir/CMakeCCompilerABI.c.o] ==> ignore
    arg [-lSystem] ==> lib [System]
    arg [/Applications/Xcode.app/Contents/Developer/Toolchains/XcodeDefault.xctoolchain/usr/lib/clang/15.0.0/lib/darwin/libclang_rt.osx.a] ==> lib [/Applications/Xcode.app/Contents/Developer/Toolchains/XcodeDefault.xctoolchain/usr/lib/clang/15.0.0/lib/darwin/libclang_rt.osx.a]
  remove lib [System]
  remove lib [/Applications/Xcode.app/Contents/Developer/Toolchains/XcodeDefault.xctoolchain/usr/lib/clang/15.0.0/lib/darwin/libclang_rt.osx.a]
  implicit libs: []
  implicit objs: []
  implicit dirs: []
  implicit fwks: []


Detecting CXX compiler ABI info compiled with the following output:
Change Dir: /Users/terra/Desktop/Fall2023/CSE491/Blog/Blog_Range_v3/cmake-build-debug/CMakeFiles/CMakeTmp

Run Build Command(s):/Applications/CLion.app/Contents/bin/ninja/mac/ninja cmTC_3b755 && [1/2] Building CXX object CMakeFiles/cmTC_3b755.dir/CMakeCXXCompilerABI.cpp.o
Apple clang version 15.0.0 (clang-1500.0.40.1)
Target: arm64-apple-darwin23.0.0
Thread model: posix
InstalledDir: /Applications/Xcode.app/Contents/Developer/Toolchains/XcodeDefault.xctoolchain/usr/bin
clang: warning: -Wl,-v: 'linker' input unused [-Wunused-command-line-argument]
 "/Applications/Xcode.app/Contents/Developer/Toolchains/XcodeDefault.xctoolchain/usr/bin/clang" -cc1 -triple arm64-apple-macosx14.0.0 -Wundef-prefix=TARGET_OS_ -Wdeprecated-objc-isa-usage -Werror=deprecated-objc-isa-usage -Werror=implicit-function-declaration -emit-obj -mrelax-all --mrelax-relocations -disable-free -clear-ast-before-backend -disable-llvm-verifier -discard-value-names -main-file-name CMakeCXXCompilerABI.cpp -mrelocation-model pic -pic-level 2 -mframe-pointer=non-leaf -fno-strict-return -ffp-contract=on -fno-rounding-math -funwind-tables=1 -fobjc-msgsend-selector-stubs -target-sdk-version=14.0 -fvisibility-inlines-hidden-static-local-var -target-cpu apple-m1 -target-feature +v8.5a -target-feature +crc -target-feature +lse -target-feature +rdm -target-feature +crypto -target-feature +dotprod -target-feature +fp-armv8 -target-feature +neon -target-feature +fp16fml -target-feature +ras -target-feature +rcpc -target-feature +zcm -target-feature +zcz -target-feature +fullfp16 -target-feature +sm4 -target-feature +sha3 -target-feature +sha2 -target-feature +aes -target-abi darwinpcs -mllvm -treat-scalable-fixed-error-as-warning -debugger-tuning=lldb -target-linker-version 1015.6 -v -fcoverage-compilation-dir=/Users/terra/Desktop/Fall2023/CSE491/Blog/Blog_Range_v3/cmake-build-debug/CMakeFiles/CMakeTmp -resource-dir /Applications/Xcode.app/Contents/Developer/Toolchains/XcodeDefault.xctoolchain/usr/lib/clang/15.0.0 -dependency-file CMakeFiles/cmTC_3b755.dir/CMakeCXXCompilerABI.cpp.o.d -skip-unused-modulemap-deps -MT CMakeFiles/cmTC_3b755.dir/CMakeCXXCompilerABI.cpp.o -sys-header-deps -isysroot /Applications/Xcode.app/Contents/Developer/Platforms/MacOSX.platform/Developer/SDKs/MacOSX14.0.sdk -internal-isystem /Applications/Xcode.app/Contents/Developer/Platforms/MacOSX.platform/Developer/SDKs/MacOSX14.0.sdk/usr/include/c++/v1 -internal-isystem /Applications/Xcode.app/Contents/Developer/Platforms/MacOSX.platform/Developer/SDKs/MacOSX14.0.sdk/usr/local/include -internal-isystem /Applications/Xcode.app/Contents/Developer/Toolchains/XcodeDefault.xctoolchain/usr/lib/clang/15.0.0/include -internal-externc-isystem /Applications/Xcode.app/Contents/Developer/Platforms/MacOSX.platform/Developer/SDKs/MacOSX14.0.sdk/usr/include -internal-externc-isystem /Applications/Xcode.app/Contents/Developer/Toolchains/XcodeDefault.xctoolchain/usr/include -Wno-reorder-init-list -Wno-implicit-int-float-conversion -Wno-c99-designator -Wno-final-dtor-non-final-class -Wno-extra-semi-stmt -Wno-misleading-indentation -Wno-quoted-include-in-framework-header -Wno-implicit-fallthrough -Wno-enum-enum-conversion -Wno-enum-float-conversion -Wno-elaborated-enum-base -Wno-reserved-identifier -Wno-gnu-folding-constant -fdeprecated-macro -fdebug-compilation-dir=/Users/terra/Desktop/Fall2023/CSE491/Blog/Blog_Range_v3/cmake-build-debug/CMakeFiles/CMakeTmp -ferror-limit 19 -stack-protector 1 -fstack-check -mdarwin-stkchk-strong-link -fblocks -fencode-extended-block-signature -fregister-global-dtors-with-atexit -fgnuc-version=4.2.1 -fno-cxx-modules -fcxx-exceptions -fexceptions -fmax-type-align=16 -fcommon -clang-vendor-feature=+disableNonDependentMemberExprInCurrentInstantiation -fno-odr-hash-protocols -clang-vendor-feature=+enableAggressiveVLAFolding -clang-vendor-feature=+revert09abecef7bbf -clang-vendor-feature=+thisNoAlignAttr -clang-vendor-feature=+thisNoNullAttr -mllvm -disable-aligned-alloc-awareness=1 -D__GCC_HAVE_DWARF2_CFI_ASM=1 -o CMakeFiles/cmTC_3b755.dir/CMakeCXXCompilerABI.cpp.o -x c++ /Applications/CLion.app/Contents/bin/cmake/mac/share/cmake-3.23/Modules/CMakeCXXCompilerABI.cpp
clang -cc1 version 15.0.0 (clang-1500.0.40.1) default target arm64-apple-darwin23.0.0
ignoring nonexistent directory "/Applications/Xcode.app/Contents/Developer/Platforms/MacOSX.platform/Developer/SDKs/MacOSX14.0.sdk/usr/local/include"
ignoring nonexistent directory "/Applications/Xcode.app/Contents/Developer/Platforms/MacOSX.platform/Developer/SDKs/MacOSX14.0.sdk/Library/Frameworks"
#include "..." search starts here:
#include <...> search starts here:
 /Applications/Xcode.app/Contents/Developer/Platforms/MacOSX.platform/Developer/SDKs/MacOSX14.0.sdk/usr/include/c++/v1
 /Applications/Xcode.app/Contents/Developer/Toolchains/XcodeDefault.xctoolchain/usr/lib/clang/15.0.0/include
 /Applications/Xcode.app/Contents/Developer/Platforms/MacOSX.platform/Developer/SDKs/MacOSX14.0.sdk/usr/include
 /Applications/Xcode.app/Contents/Developer/Toolchains/XcodeDefault.xctoolchain/usr/include
 /Applications/Xcode.app/Contents/Developer/Platforms/MacOSX.platform/Developer/SDKs/MacOSX14.0.sdk/System/Library/Frameworks (framework directory)
End of search list.
[2/2] Linking CXX executable cmTC_3b755
Apple clang version 15.0.0 (clang-1500.0.40.1)
Target: arm64-apple-darwin23.0.0
Thread model: posix
InstalledDir: /Applications/Xcode.app/Contents/Developer/Toolchains/XcodeDefault.xctoolchain/usr/bin
 "/Applications/Xcode.app/Contents/Developer/Toolchains/XcodeDefault.xctoolchain/usr/bin/ld" -demangle -lto_library /Applications/Xcode.app/Contents/Developer/Toolchains/XcodeDefault.xctoolchain/usr/lib/libLTO.dylib -dynamic -arch arm64 -platform_version macos 14.0.0 14.0 -syslibroot /Applications/Xcode.app/Contents/Developer/Platforms/MacOSX.platform/Developer/SDKs/MacOSX14.0.sdk -o cmTC_3b755 -search_paths_first -headerpad_max_install_names -v CMakeFiles/cmTC_3b755.dir/CMakeCXXCompilerABI.cpp.o -lc++ -lSystem /Applications/Xcode.app/Contents/Developer/Toolchains/XcodeDefault.xctoolchain/usr/lib/clang/15.0.0/lib/darwin/libclang_rt.osx.a
@(#)PROGRAM:ld  PROJECT:dyld-1015.7
BUILD 18:48:48 Aug 22 2023
configured to support archs: armv6 armv7 armv7s arm64 arm64e arm64_32 i386 x86_64 x86_64h armv6m armv7k armv7m armv7em
will use ld-classic for: armv6 armv7 armv7s arm64_32 i386 armv6m armv7k armv7m armv7em
LTO support using: LLVM version 15.0.0 (static support for 29, runtime is 29)
TAPI support using: Apple TAPI version 15.0.0 (tapi-1500.0.12.3)
Library search paths:
Framework search paths:



Parsed CXX implicit include dir info from above output: rv=done
  found start of include info
  found start of implicit include info
    add: [/Applications/Xcode.app/Contents/Developer/Platforms/MacOSX.platform/Developer/SDKs/MacOSX14.0.sdk/usr/include/c++/v1]
    add: [/Applications/Xcode.app/Contents/Developer/Toolchains/XcodeDefault.xctoolchain/usr/lib/clang/15.0.0/include]
    add: [/Applications/Xcode.app/Contents/Developer/Platforms/MacOSX.platform/Developer/SDKs/MacOSX14.0.sdk/usr/include]
    add: [/Applications/Xcode.app/Contents/Developer/Toolchains/XcodeDefault.xctoolchain/usr/include]
  end of search list found
  collapse include dir [/Applications/Xcode.app/Contents/Developer/Platforms/MacOSX.platform/Developer/SDKs/MacOSX14.0.sdk/usr/include/c++/v1] ==> [/Applications/Xcode.app/Contents/Developer/Platforms/MacOSX.platform/Developer/SDKs/MacOSX14.0.sdk/usr/include/c++/v1]
  collapse include dir [/Applications/Xcode.app/Contents/Developer/Toolchains/XcodeDefault.xctoolchain/usr/lib/clang/15.0.0/include] ==> [/Applications/Xcode.app/Contents/Developer/Toolchains/XcodeDefault.xctoolchain/usr/lib/clang/15.0.0/include]
  collapse include dir [/Applications/Xcode.app/Contents/Developer/Platforms/MacOSX.platform/Developer/SDKs/MacOSX14.0.sdk/usr/include] ==> [/Applications/Xcode.app/Contents/Developer/Platforms/MacOSX.platform/Developer/SDKs/MacOSX14.0.sdk/usr/include]
  collapse include dir [/Applications/Xcode.app/Contents/Developer/Toolchains/XcodeDefault.xctoolchain/usr/include] ==> [/Applications/Xcode.app/Contents/Developer/Toolchains/XcodeDefault.xctoolchain/usr/include]
  implicit include dirs: [/Applications/Xcode.app/Contents/Developer/Platforms/MacOSX.platform/Developer/SDKs/MacOSX14.0.sdk/usr/include/c++/v1;/Applications/Xcode.app/Contents/Developer/Toolchains/XcodeDefault.xctoolchain/usr/lib/clang/15.0.0/include;/Applications/Xcode.app/Contents/Developer/Platforms/MacOSX.platform/Developer/SDKs/MacOSX14.0.sdk/usr/include;/Applications/Xcode.app/Contents/Developer/Toolchains/XcodeDefault.xctoolchain/usr/include]


Parsed CXX implicit link information from above output:
  link line regex: [^( *|.*[/\])(ld|CMAKE_LINK_STARTFILE-NOTFOUND|([^/\]+-)?ld|collect2)[^/\]*( |$)]
  ignore line: [Change Dir: /Users/terra/Desktop/Fall2023/CSE491/Blog/Blog_Range_v3/cmake-build-debug/CMakeFiles/CMakeTmp]
  ignore line: []
  ignore line: [Run Build Command(s):/Applications/CLion.app/Contents/bin/ninja/mac/ninja cmTC_3b755 && [1/2] Building CXX object CMakeFiles/cmTC_3b755.dir/CMakeCXXCompilerABI.cpp.o]
  ignore line: [Apple clang version 15.0.0 (clang-1500.0.40.1)]
  ignore line: [Target: arm64-apple-darwin23.0.0]
  ignore line: [Thread model: posix]
  ignore line: [InstalledDir: /Applications/Xcode.app/Contents/Developer/Toolchains/XcodeDefault.xctoolchain/usr/bin]
  ignore line: [clang: warning: -Wl -v: 'linker' input unused [-Wunused-command-line-argument]]
  ignore line: [ "/Applications/Xcode.app/Contents/Developer/Toolchains/XcodeDefault.xctoolchain/usr/bin/clang" -cc1 -triple arm64-apple-macosx14.0.0 -Wundef-prefix=TARGET_OS_ -Wdeprecated-objc-isa-usage -Werror=deprecated-objc-isa-usage -Werror=implicit-function-declaration -emit-obj -mrelax-all --mrelax-relocations -disable-free -clear-ast-before-backend -disable-llvm-verifier -discard-value-names -main-file-name CMakeCXXCompilerABI.cpp -mrelocation-model pic -pic-level 2 -mframe-pointer=non-leaf -fno-strict-return -ffp-contract=on -fno-rounding-math -funwind-tables=1 -fobjc-msgsend-selector-stubs -target-sdk-version=14.0 -fvisibility-inlines-hidden-static-local-var -target-cpu apple-m1 -target-feature +v8.5a -target-feature +crc -target-feature +lse -target-feature +rdm -target-feature +crypto -target-feature +dotprod -target-feature +fp-armv8 -target-feature +neon -target-feature +fp16fml -target-feature +ras -target-feature +rcpc -target-feature +zcm -target-feature +zcz -target-feature +fullfp16 -target-feature +sm4 -target-feature +sha3 -target-feature +sha2 -target-feature +aes -target-abi darwinpcs -mllvm -treat-scalable-fixed-error-as-warning -debugger-tuning=lldb -target-linker-version 1015.6 -v -fcoverage-compilation-dir=/Users/terra/Desktop/Fall2023/CSE491/Blog/Blog_Range_v3/cmake-build-debug/CMakeFiles/CMakeTmp -resource-dir /Applications/Xcode.app/Contents/Developer/Toolchains/XcodeDefault.xctoolchain/usr/lib/clang/15.0.0 -dependency-file CMakeFiles/cmTC_3b755.dir/CMakeCXXCompilerABI.cpp.o.d -skip-unused-modulemap-deps -MT CMakeFiles/cmTC_3b755.dir/CMakeCXXCompilerABI.cpp.o -sys-header-deps -isysroot /Applications/Xcode.app/Contents/Developer/Platforms/MacOSX.platform/Developer/SDKs/MacOSX14.0.sdk -internal-isystem /Applications/Xcode.app/Contents/Developer/Platforms/MacOSX.platform/Developer/SDKs/MacOSX14.0.sdk/usr/include/c++/v1 -internal-isystem /Applications/Xcode.app/Contents/Developer/Platforms/MacOSX.platform/Developer/SDKs/MacOSX14.0.sdk/usr/local/include -internal-isystem /Applications/Xcode.app/Contents/Developer/Toolchains/XcodeDefault.xctoolchain/usr/lib/clang/15.0.0/include -internal-externc-isystem /Applications/Xcode.app/Contents/Developer/Platforms/MacOSX.platform/Developer/SDKs/MacOSX14.0.sdk/usr/include -internal-externc-isystem /Applications/Xcode.app/Contents/Developer/Toolchains/XcodeDefault.xctoolchain/usr/include -Wno-reorder-init-list -Wno-implicit-int-float-conversion -Wno-c99-designator -Wno-final-dtor-non-final-class -Wno-extra-semi-stmt -Wno-misleading-indentation -Wno-quoted-include-in-framework-header -Wno-implicit-fallthrough -Wno-enum-enum-conversion -Wno-enum-float-conversion -Wno-elaborated-enum-base -Wno-reserved-identifier -Wno-gnu-folding-constant -fdeprecated-macro -fdebug-compilation-dir=/Users/terra/Desktop/Fall2023/CSE491/Blog/Blog_Range_v3/cmake-build-debug/CMakeFiles/CMakeTmp -ferror-limit 19 -stack-protector 1 -fstack-check -mdarwin-stkchk-strong-link -fblocks -fencode-extended-block-signature -fregister-global-dtors-with-atexit -fgnuc-version=4.2.1 -fno-cxx-modules -fcxx-exceptions -fexceptions -fmax-type-align=16 -fcommon -clang-vendor-feature=+disableNonDependentMemberExprInCurrentInstantiation -fno-odr-hash-protocols -clang-vendor-feature=+enableAggressiveVLAFolding -clang-vendor-feature=+revert09abecef7bbf -clang-vendor-feature=+thisNoAlignAttr -clang-vendor-feature=+thisNoNullAttr -mllvm -disable-aligned-alloc-awareness=1 -D__GCC_HAVE_DWARF2_CFI_ASM=1 -o CMakeFiles/cmTC_3b755.dir/CMakeCXXCompilerABI.cpp.o -x c++ /Applications/CLion.app/Contents/bin/cmake/mac/share/cmake-3.23/Modules/CMakeCXXCompilerABI.cpp]
  ignore line: [clang -cc1 version 15.0.0 (clang-1500.0.40.1) default target arm64-apple-darwin23.0.0]
  ignore line: [ignoring nonexistent directory "/Applications/Xcode.app/Contents/Developer/Platforms/MacOSX.platform/Developer/SDKs/MacOSX14.0.sdk/usr/local/include"]
  ignore line: [ignoring nonexistent directory "/Applications/Xcode.app/Contents/Developer/Platforms/MacOSX.platform/Developer/SDKs/MacOSX14.0.sdk/Library/Frameworks"]
  ignore line: [#include "..." search starts here:]
  ignore line: [#include <...> search starts here:]
  ignore line: [ /Applications/Xcode.app/Contents/Developer/Platforms/MacOSX.platform/Developer/SDKs/MacOSX14.0.sdk/usr/include/c++/v1]
  ignore line: [ /Applications/Xcode.app/Contents/Developer/Toolchains/XcodeDefault.xctoolchain/usr/lib/clang/15.0.0/include]
  ignore line: [ /Applications/Xcode.app/Contents/Developer/Platforms/MacOSX.platform/Developer/SDKs/MacOSX14.0.sdk/usr/include]
  ignore line: [ /Applications/Xcode.app/Contents/Developer/Toolchains/XcodeDefault.xctoolchain/usr/include]
  ignore line: [ /Applications/Xcode.app/Contents/Developer/Platforms/MacOSX.platform/Developer/SDKs/MacOSX14.0.sdk/System/Library/Frameworks (framework directory)]
  ignore line: [End of search list.]
  ignore line: [[2/2] Linking CXX executable cmTC_3b755]
  ignore line: [Apple clang version 15.0.0 (clang-1500.0.40.1)]
  ignore line: [Target: arm64-apple-darwin23.0.0]
  ignore line: [Thread model: posix]
  ignore line: [InstalledDir: /Applications/Xcode.app/Contents/Developer/Toolchains/XcodeDefault.xctoolchain/usr/bin]
  link line: [ "/Applications/Xcode.app/Contents/Developer/Toolchains/XcodeDefault.xctoolchain/usr/bin/ld" -demangle -lto_library /Applications/Xcode.app/Contents/Developer/Toolchains/XcodeDefault.xctoolchain/usr/lib/libLTO.dylib -dynamic -arch arm64 -platform_version macos 14.0.0 14.0 -syslibroot /Applications/Xcode.app/Contents/Developer/Platforms/MacOSX.platform/Developer/SDKs/MacOSX14.0.sdk -o cmTC_3b755 -search_paths_first -headerpad_max_install_names -v CMakeFiles/cmTC_3b755.dir/CMakeCXXCompilerABI.cpp.o -lc++ -lSystem /Applications/Xcode.app/Contents/Developer/Toolchains/XcodeDefault.xctoolchain/usr/lib/clang/15.0.0/lib/darwin/libclang_rt.osx.a]
    arg [/Applications/Xcode.app/Contents/Developer/Toolchains/XcodeDefault.xctoolchain/usr/bin/ld] ==> ignore
    arg [-demangle] ==> ignore
    arg [-lto_library] ==> ignore, skip following value
    arg [/Applications/Xcode.app/Contents/Developer/Toolchains/XcodeDefault.xctoolchain/usr/lib/libLTO.dylib] ==> skip value of -lto_library
    arg [-dynamic] ==> ignore
    arg [-arch] ==> ignore
    arg [arm64] ==> ignore
    arg [-platform_version] ==> ignore
    arg [macos] ==> ignore
    arg [14.0.0] ==> ignore
    arg [14.0] ==> ignore
    arg [-syslibroot] ==> ignore
    arg [/Applications/Xcode.app/Contents/Developer/Platforms/MacOSX.platform/Developer/SDKs/MacOSX14.0.sdk] ==> ignore
    arg [-o] ==> ignore
    arg [cmTC_3b755] ==> ignore
    arg [-search_paths_first] ==> ignore
    arg [-headerpad_max_install_names] ==> ignore
    arg [-v] ==> ignore
    arg [CMakeFiles/cmTC_3b755.dir/CMakeCXXCompilerABI.cpp.o] ==> ignore
    arg [-lc++] ==> lib [c++]
    arg [-lSystem] ==> lib [System]
    arg [/Applications/Xcode.app/Contents/Developer/Toolchains/XcodeDefault.xctoolchain/usr/lib/clang/15.0.0/lib/darwin/libclang_rt.osx.a] ==> lib [/Applications/Xcode.app/Contents/Developer/Toolchains/XcodeDefault.xctoolchain/usr/lib/clang/15.0.0/lib/darwin/libclang_rt.osx.a]
  remove lib [System]
  remove lib [/Applications/Xcode.app/Contents/Developer/Toolchains/XcodeDefault.xctoolchain/usr/lib/clang/15.0.0/lib/darwin/libclang_rt.osx.a]
  implicit libs: [c++]
  implicit objs: []
  implicit dirs: []
  implicit fwks: []


Performing C++ SOURCE FILE Test RANGES_HAS_CXXSTD succeeded with the following output:
Change Dir: /Users/terra/Desktop/Fall2023/CSE491/Blog/Blog_Range_v3/cmake-build-debug/CMakeFiles/CMakeTmp

Run Build Command(s):/Applications/CLion.app/Contents/bin/ninja/mac/ninja cmTC_f7483 && [1/2] Building CXX object CMakeFiles/cmTC_f7483.dir/src.cxx.o
[2/2] Linking CXX executable cmTC_f7483


Source file was:
int main() { return 0; }
Performing C++ SOURCE FILE Test RANGES_HAS_WALL succeeded with the following output:
Change Dir: /Users/terra/Desktop/Fall2023/CSE491/Blog/Blog_Range_v3/cmake-build-debug/CMakeFiles/CMakeTmp

Run Build Command(s):/Applications/CLion.app/Contents/bin/ninja/mac/ninja cmTC_914ae && [1/2] Building CXX object CMakeFiles/cmTC_914ae.dir/src.cxx.o
[2/2] Linking CXX executable cmTC_914ae


Source file was:
int main() { return 0; }
Performing C++ SOURCE FILE Test RANGES_HAS_WEXTRA succeeded with the following output:
Change Dir: /Users/terra/Desktop/Fall2023/CSE491/Blog/Blog_Range_v3/cmake-build-debug/CMakeFiles/CMakeTmp

Run Build Command(s):/Applications/CLion.app/Contents/bin/ninja/mac/ninja cmTC_cb1c9 && [1/2] Building CXX object CMakeFiles/cmTC_cb1c9.dir/src.cxx.o
[2/2] Linking CXX executable cmTC_cb1c9


Source file was:
int main() { return 0; }
Performing C++ SOURCE FILE Test RANGES_HAS_WERROR succeeded with the following output:
Change Dir: /Users/terra/Desktop/Fall2023/CSE491/Blog/Blog_Range_v3/cmake-build-debug/CMakeFiles/CMakeTmp

Run Build Command(s):/Applications/CLion.app/Contents/bin/ninja/mac/ninja cmTC_7be63 && [1/2] Building CXX object CMakeFiles/cmTC_7be63.dir/src.cxx.o
[2/2] Linking CXX executable cmTC_7be63


Source file was:
int main() { return 0; }
Performing C++ SOURCE FILE Test RANGES_HAS_FDIAGNOSTIC_SHOW_TEMPLATE_TREE succeeded with the following output:
Change Dir: /Users/terra/Desktop/Fall2023/CSE491/Blog/Blog_Range_v3/cmake-build-debug/CMakeFiles/CMakeTmp

Run Build Command(s):/Applications/CLion.app/Contents/bin/ninja/mac/ninja cmTC_f963a && [1/2] Building CXX object CMakeFiles/cmTC_f963a.dir/src.cxx.o
[2/2] Linking CXX executable cmTC_f963a


Source file was:
int main() { return 0; }
Performing C++ SOURCE FILE Test RANGES_HAS_FTEMPLATE_BACKTRACE_LIMIT succeeded with the following output:
Change Dir: /Users/terra/Desktop/Fall2023/CSE491/Blog/Blog_Range_v3/cmake-build-debug/CMakeFiles/CMakeTmp

Run Build Command(s):/Applications/CLion.app/Contents/bin/ninja/mac/ninja cmTC_2aff7 && [1/2] Building CXX object CMakeFiles/cmTC_2aff7.dir/src.cxx.o
[2/2] Linking CXX executable cmTC_2aff7


Source file was:
int main() { return 0; }
Performing C++ SOURCE FILE Test RANGES_HAS_FMACRO_BACKTRACE_LIMIT succeeded with the following output:
Change Dir: /Users/terra/Desktop/Fall2023/CSE491/Blog/Blog_Range_v3/cmake-build-debug/CMakeFiles/CMakeTmp

Run Build Command(s):/Applications/CLion.app/Contents/bin/ninja/mac/ninja cmTC_125f6 && [1/2] Building CXX object CMakeFiles/cmTC_125f6.dir/src.cxx.o
[2/2] Linking CXX executable cmTC_125f6


Source file was:
int main() { return 0; }
Performing C++ SOURCE FILE Test RANGES_HAS_NO_INLINE succeeded with the following output:
Change Dir: /Users/terra/Desktop/Fall2023/CSE491/Blog/Blog_Range_v3/cmake-build-debug/CMakeFiles/CMakeTmp

Run Build Command(s):/Applications/CLion.app/Contents/bin/ninja/mac/ninja cmTC_ee8d7 && [1/2] Building CXX object CMakeFiles/cmTC_ee8d7.dir/src.cxx.o
[2/2] Linking CXX executable cmTC_ee8d7


Source file was:
int main() { return 0; }
Performing C++ SOURCE FILE Test RANGES_HAS_STACK_PROTECTOR_ALL succeeded with the following output:
Change Dir: /Users/terra/Desktop/Fall2023/CSE491/Blog/Blog_Range_v3/cmake-build-debug/CMakeFiles/CMakeTmp

Run Build Command(s):/Applications/CLion.app/Contents/bin/ninja/mac/ninja cmTC_ed344 && [1/2] Building CXX object CMakeFiles/cmTC_ed344.dir/src.cxx.o
[2/2] Linking CXX executable cmTC_ed344


Source file was:
int main() { return 0; }
Performing C++ SOURCE FILE Test RANGES_HAS_G3 succeeded with the following output:
Change Dir: /Users/terra/Desktop/Fall2023/CSE491/Blog/Blog_Range_v3/cmake-build-debug/CMakeFiles/CMakeTmp

Run Build Command(s):/Applications/CLion.app/Contents/bin/ninja/mac/ninja cmTC_a030e && [1/2] Building CXX object CMakeFiles/cmTC_a030e.dir/src.cxx.o
[2/2] Linking CXX executable cmTC_a030e


Source file was:
int main() { return 0; }
Performing C++ SOURCE FILE Test RANGES_HAS_GLLDB succeeded with the following output:
Change Dir: /Users/terra/Desktop/Fall2023/CSE491/Blog/Blog_Range_v3/cmake-build-debug/CMakeFiles/CMakeTmp

Run Build Command(s):/Applications/CLion.app/Contents/bin/ninja/mac/ninja cmTC_03104 && [1/2] Building CXX object CMakeFiles/cmTC_03104.dir/src.cxx.o
[2/2] Linking CXX executable cmTC_03104


Source file was:
int main() { return 0; }
Performing C++ SOURCE FILE Test RANGES_HAS_MARCH_NATIVE succeeded with the following output:
Change Dir: /Users/terra/Desktop/Fall2023/CSE491/Blog/Blog_Range_v3/cmake-build-debug/CMakeFiles/CMakeTmp

Run Build Command(s):/Applications/CLion.app/Contents/bin/ninja/mac/ninja cmTC_f1877 && [1/2] Building CXX object CMakeFiles/cmTC_f1877.dir/src.cxx.o
[2/2] Linking CXX executable cmTC_f1877


Source file was:
int main() { return 0; }
Performing C++ SOURCE FILE Test RANGES_HAS_MTUNE_NATIVE succeeded with the following output:
Change Dir: /Users/terra/Desktop/Fall2023/CSE491/Blog/Blog_Range_v3/cmake-build-debug/CMakeFiles/CMakeTmp

Run Build Command(s):/Applications/CLion.app/Contents/bin/ninja/mac/ninja cmTC_83801 && [1/2] Building CXX object CMakeFiles/cmTC_83801.dir/src.cxx.o
[2/2] Linking CXX executable cmTC_83801


Source file was:
int main() { return 0; }
Performing C++ SOURCE FILE Test RANGE_V3_ALIGNED_NEW_PROBE succeeded with the following output:
Change Dir: /Users/terra/Desktop/Fall2023/CSE491/Blog/Blog_Range_v3/cmake-build-debug/CMakeFiles/CMakeTmp

Run Build Command(s):/Applications/CLion.app/Contents/bin/ninja/mac/ninja cmTC_c9b02 && [1/2] Building CXX object CMakeFiles/cmTC_c9b02.dir/src.cxx.o
[2/2] Linking CXX executable cmTC_c9b02


Source file was:
#include <new>

int main() {
    struct alignas(__STDCPP_DEFAULT_NEW_ALIGNMENT__ * 4) S {};
    (void) ::operator new(sizeof(S), static_cast<std::align_val_t>(alignof(S)));
}

Performing C++ SOURCE FILE Test RANGES_HAS_FCOROUTINES_TS succeeded with the following output:
Change Dir: /Users/terra/Desktop/Fall2023/CSE491/Blog/Blog_Range_v3/cmake-build-debug/CMakeFiles/CMakeTmp

Run Build Command(s):/Applications/CLion.app/Contents/bin/ninja/mac/ninja cmTC_4a989 && [1/2] Building CXX object CMakeFiles/cmTC_4a989.dir/src.cxx.o
[2/2] Linking CXX executable cmTC_4a989


Source file was:
#if defined(__cpp_coroutines) && defined(__has_include)
#if __has_include(<coroutine>)
#include <coroutine>
namespace std_coro = std;
#elif __has_include(<experimental/coroutine>)
#include <experimental/coroutine>
namespace std_coro = std::experimental;
#else
#error Either the compiler or the library lacks support for coroutines
#endif
#else
#error Either the compiler or the library lacks support for coroutines
#endif

struct present
{
    struct promise_type
    {
        int result;

        present get_return_object() { return {*this}; }
        std_coro::suspend_never initial_suspend() { return {}; }
        std_coro::suspend_never final_suspend() noexcept { return {}; }
        void return_value(int i) { result = i; }
        void unhandled_exception() {}
    };

    promise_type& promise;

    bool await_ready() const { return true; }
    void await_suspend(std_coro::coroutine_handle<>) const {}
    int await_resume() const { return promise.result; }
};

present f(int n)
{
    if (n < 2)
        co_return 1;
    else
        co_return n * co_await f(n - 1);
}

int main()
{
    return f(5).promise.result != 120;
}

